2025-02-22 20:45:52,175 | INFO | User admin is attempting to log in
2025-02-22 20:45:52,462 | INFO | User admin has successfully logged in
2025-02-22 20:45:52,468 | INFO | User admin has successfully logged in
2025-02-22 20:46:51,307 | INFO | User admin is attempting to log in
2025-02-22 20:46:51,576 | INFO | User admin has successfully logged in
2025-02-22 20:46:51,578 | INFO | User admin has successfully logged in
2025-02-22 21:00:20,618 | INFO | User admin is attempting to log in
2025-02-22 21:00:20,904 | INFO | User admin has successfully logged in
2025-02-22 21:00:20,910 | INFO | User admin has successfully logged in
2025-02-22 21:50:39,643 | INFO | No token found
2025-02-22 22:09:23,515 | INFO | No token found
2025-02-22 22:15:47,661 | INFO | No token found
2025-02-22 22:25:08,005 | INFO | User admin is attempting to log in
2025-02-22 22:25:08,294 | INFO | User admin has successfully logged in
2025-02-22 22:25:08,300 | INFO | User admin has successfully logged in
2025-02-22 22:56:47,634 | INFO | No token found
2025-02-22 23:17:06,666 | INFO | User admin is attempting to log in
2025-02-22 23:17:06,948 | INFO | User admin has successfully logged in
2025-02-22 23:17:06,952 | INFO | User admin has successfully logged in
2025-02-22 23:20:29,365 | INFO | No token found
2025-02-22 23:24:21,957 | INFO | No token found
2025-02-22 23:24:46,794 | INFO | No token found
2025-02-22 23:24:46,798 | INFO | No token found
2025-02-22 23:24:46,807 | INFO | No token found
2025-02-22 23:24:46,811 | INFO | No token found
2025-02-22 23:24:46,839 | INFO | No token found
2025-02-22 23:24:46,842 | INFO | No token found
2025-02-22 23:24:46,845 | INFO | No token found
2025-02-22 23:24:46,848 | INFO | No token found
2025-02-22 23:24:46,859 | INFO | No token found
2025-02-22 23:24:46,863 | INFO | No token found
2025-02-22 23:24:46,866 | INFO | No token found
2025-02-22 23:24:46,875 | INFO | No token found
2025-02-22 23:24:46,879 | INFO | No token found
2025-02-22 23:24:46,884 | INFO | No token found
2025-02-22 23:24:46,897 | INFO | No token found
2025-02-22 23:24:46,902 | INFO | No token found
2025-02-22 23:24:46,913 | INFO | No token found
2025-02-22 23:24:46,918 | INFO | No token found
2025-02-22 23:24:46,928 | INFO | No token found
2025-02-22 23:24:46,932 | INFO | No token found
2025-02-22 23:24:46,942 | INFO | No token found
2025-02-22 23:24:48,534 | INFO | No token found
2025-02-22 23:24:48,539 | INFO | No token found
2025-02-22 23:24:48,547 | INFO | No token found
2025-02-22 23:24:48,550 | INFO | No token found
2025-02-22 23:24:48,608 | INFO | No token found
2025-02-22 23:24:48,611 | INFO | No token found
2025-02-22 23:24:48,619 | INFO | No token found
2025-02-22 23:24:48,622 | INFO | No token found
2025-02-22 23:24:48,625 | INFO | No token found
2025-02-22 23:24:48,627 | INFO | No token found
2025-02-22 23:24:48,630 | INFO | No token found
2025-02-22 23:24:48,682 | INFO | No token found
2025-02-22 23:24:48,688 | INFO | No token found
2025-02-22 23:24:48,699 | INFO | No token found
2025-02-22 23:24:48,714 | INFO | No token found
2025-02-22 23:24:48,722 | INFO | No token found
2025-02-22 23:24:48,771 | INFO | No token found
2025-02-22 23:24:48,779 | INFO | No token found
2025-02-22 23:24:48,784 | INFO | No token found
2025-02-22 23:24:48,787 | INFO | No token found
2025-02-22 23:24:48,791 | INFO | No token found
2025-02-22 23:27:16,626 | INFO | User admin is attempting to log in
2025-02-22 23:27:16,914 | INFO | User admin has successfully logged in
2025-02-22 23:27:16,921 | INFO | User admin has successfully logged in
2025-02-22 23:27:40,189 | INFO | Fetching containers
2025-02-22 23:27:40,190 | ERROR | Error fetching containers: local variable 'file' referenced before assignment
Traceback (most recent call last):
  File "/opt/sonarping-abra/ABRA/backend/containers.py", line 50, in fetch_containers
    containers = os.listdir(BASE_DIR)
FileNotFoundError: [Errno 2] No such file or directory: './container_images/'

During handling of the above exception, another exception occurred:

Traceback (most recent call last):
  File "/opt/sonarping-abra/ABRA/backend/main.py", line 219, in get_containers_endpoint
    containers = fetch_containers()
  File "/opt/sonarping-abra/ABRA/backend/containers.py", line 68, in fetch_containers
    if file:
UnboundLocalError: local variable 'file' referenced before assignment
2025-02-22 23:27:49,706 | INFO | Fetching containers
2025-02-22 23:27:49,706 | ERROR | Error fetching containers: local variable 'file' referenced before assignment
Traceback (most recent call last):
  File "/opt/sonarping-abra/ABRA/backend/containers.py", line 50, in fetch_containers
    containers = os.listdir(BASE_DIR)
FileNotFoundError: [Errno 2] No such file or directory: './container_images/'

During handling of the above exception, another exception occurred:

Traceback (most recent call last):
  File "/opt/sonarping-abra/ABRA/backend/main.py", line 219, in get_containers_endpoint
    containers = fetch_containers()
  File "/opt/sonarping-abra/ABRA/backend/containers.py", line 68, in fetch_containers
    if file:
UnboundLocalError: local variable 'file' referenced before assignment
2025-02-22 23:29:09,006 | INFO | No token found
2025-02-22 23:30:23,614 | INFO | User admin is attempting to log in
2025-02-22 23:30:23,896 | INFO | User admin has successfully logged in
2025-02-22 23:30:23,901 | INFO | User admin has successfully logged in
